2023-02-02 13:54:51,721 load dataset ...
2023-02-02 14:01:45,528 initalize model ...
2023-02-02 14:01:47,651 start training ...
2023-02-02 15:02:02,411 epoch:0, loss:0.2367763223846409
2023-02-02 15:02:02,411 -------------validation--------------
2023-02-02 15:02:44,318 epoch:0, validation error:0.20229958279951085
2023-02-02 15:02:44,318 Dice score:0.3138085216057856
2023-02-02 15:02:44,318 -------------------------------------
2023-02-02 16:03:06,864 epoch:1, loss:0.11854616341470019
2023-02-02 17:03:30,441 epoch:2, loss:0.04774275554450587
2023-02-02 18:03:54,831 epoch:3, loss:0.04077236875697996
2023-02-02 19:04:19,749 epoch:4, loss:0.03679761711824395
2023-02-02 20:04:44,993 epoch:5, loss:0.0341500186456603
2023-02-02 21:05:10,605 epoch:6, loss:0.032223299683186275
2023-02-02 22:05:35,181 epoch:7, loss:0.033300430517146554
2023-02-02 23:06:00,736 epoch:8, loss:0.030138565861721697
2023-02-03 00:06:26,894 epoch:9, loss:0.0292400739557615
2023-02-03 01:06:53,177 epoch:10, loss:0.028413137663123512
2023-02-03 01:06:53,177 -------------validation--------------
2023-02-03 01:07:35,640 epoch:10, validation error:0.03297267983166071
2023-02-03 01:07:35,641 Dice score:0.9260359734473144
2023-02-03 01:07:35,641 -------------------------------------
2023-02-03 02:07:59,851 epoch:11, loss:0.027769701647373687
2023-02-03 03:08:26,857 epoch:12, loss:0.02696995204072478
2023-02-03 04:08:53,390 epoch:13, loss:0.02659674248039929
2023-02-03 05:09:19,279 epoch:14, loss:0.026198484734720848
2023-02-03 06:09:45,093 epoch:15, loss:0.025538422081755083
2023-02-03 07:10:10,525 epoch:16, loss:0.025309462119636337
2023-02-03 08:10:35,346 epoch:17, loss:0.025145997322346868
2023-02-03 09:11:00,301 epoch:18, loss:0.024700140375547124
2023-02-03 10:11:24,401 epoch:19, loss:0.024472244561648246
2023-02-03 11:11:49,157 epoch:20, loss:0.024150978283152838
2023-02-03 11:11:49,157 -------------validation--------------
2023-02-03 11:12:31,237 epoch:20, validation error:0.024411792674008205
2023-02-03 11:12:31,237 Dice score:0.9466293404793599
2023-02-03 11:12:31,237 -------------------------------------
2023-02-03 12:12:54,027 epoch:21, loss:0.024009142539091085
2023-02-03 13:13:18,477 epoch:22, loss:0.02384748441236581
2023-02-03 14:13:44,989 epoch:23, loss:0.023512782119020845
2023-02-03 15:14:11,365 epoch:24, loss:0.023403935700951974
2023-02-03 16:14:36,557 epoch:25, loss:0.02315478808564526
2023-02-03 17:15:02,620 epoch:26, loss:0.022946303690972527
2023-02-03 18:15:27,829 epoch:27, loss:0.022856343918491277
2023-02-03 19:15:52,841 epoch:28, loss:0.022653917560880064
2023-02-03 20:16:17,335 epoch:29, loss:0.022489107748173965
2023-02-03 21:16:40,093 epoch:30, loss:0.02245509778464171
2023-02-03 21:16:40,093 -------------validation--------------
2023-02-03 21:17:22,287 epoch:30, validation error:0.024102491905262483
2023-02-03 21:17:22,287 Dice score:0.9480770205604959
2023-02-03 21:17:22,287 -------------------------------------
2023-02-03 22:17:43,565 epoch:31, loss:0.02211939070883822
2023-02-03 23:18:08,171 epoch:32, loss:0.02213480423625875
2023-02-04 00:18:33,237 epoch:33, loss:0.021834757955392994
2023-02-04 01:18:58,064 epoch:34, loss:0.021750531328819447
2023-02-04 02:19:24,136 epoch:35, loss:0.021678856850006138
2023-02-04 03:19:50,531 epoch:36, loss:0.02143756602527622
2023-02-04 04:20:18,420 epoch:37, loss:0.02134497499858486
2023-02-04 05:20:45,868 epoch:38, loss:0.021272311318000742
2023-02-04 06:21:14,027 epoch:39, loss:0.021949100140256216
2023-02-04 07:21:42,004 epoch:40, loss:0.021096074656685056
2023-02-04 07:21:42,005 -------------validation--------------
2023-02-04 07:22:23,908 epoch:40, validation error:0.022617108458597983
2023-02-04 07:22:23,908 Dice score:0.950647627460886
2023-02-04 07:22:23,908 -------------------------------------
2023-02-04 08:22:50,241 epoch:41, loss:0.020916258546635123
2023-02-04 09:23:18,639 epoch:42, loss:0.02084844626899505
2023-02-04 10:23:46,354 epoch:43, loss:0.020784456967222836
2023-02-04 11:24:14,204 epoch:44, loss:0.020776692432459554
2023-02-04 12:24:42,248 epoch:45, loss:0.020839849327153413
2023-02-04 13:25:12,471 epoch:46, loss:0.020611893973172847
2023-02-04 14:25:42,804 epoch:47, loss:0.02054208717865795
2023-02-04 15:26:12,378 epoch:48, loss:0.020544815876325867
2023-02-04 16:26:41,460 epoch:49, loss:0.020413653347221568
2023-02-04 17:27:10,525 epoch:50, loss:0.02037461692115463
2023-02-04 17:27:10,525 -------------validation--------------
2023-02-04 17:27:52,692 epoch:50, validation error:0.022039334669973723
2023-02-04 17:27:52,692 Dice score:0.9513184516387578
2023-02-04 17:27:52,692 -------------------------------------
2023-02-04 18:28:20,329 epoch:51, loss:0.020345765086894844
2023-02-04 19:28:50,604 epoch:52, loss:0.020234735045046182
2023-02-04 20:29:20,145 epoch:53, loss:0.020223988638141642
2023-02-04 21:29:50,230 epoch:54, loss:0.020148111610597506
2023-02-04 22:30:20,022 epoch:55, loss:0.020142599343091403
2023-02-04 23:30:49,536 epoch:56, loss:0.020018446059054992
2023-02-05 00:31:20,105 epoch:57, loss:0.019972595521789593
2023-02-05 01:31:49,205 epoch:58, loss:0.02001039654604019
2023-02-05 02:32:17,580 epoch:59, loss:0.01989345664587808
2023-02-05 03:32:44,814 epoch:60, loss:0.0198617748370591
2023-02-05 03:32:44,815 -------------validation--------------
2023-02-05 03:33:27,124 epoch:60, validation error:0.021829937138324658
2023-02-05 03:33:27,124 Dice score:0.9517719273031111
2023-02-05 03:33:27,124 -------------------------------------
2023-02-05 04:33:52,801 epoch:61, loss:0.01986131913624252
2023-02-05 05:34:20,405 epoch:62, loss:0.019842956421745092
2023-02-05 06:34:47,485 epoch:63, loss:0.01977731196122628
2023-02-05 07:35:15,057 epoch:64, loss:0.019715635357763574
2023-02-05 08:35:41,664 epoch:65, loss:0.019702226023611
2023-02-05 09:36:07,385 epoch:66, loss:0.019655965331560922
2023-02-05 10:36:33,784 epoch:67, loss:0.019615727383159167
2023-02-05 11:37:00,437 epoch:68, loss:0.01958436118939204
2023-02-05 12:37:28,501 epoch:69, loss:0.01958863618598034
2023-02-05 13:37:57,752 epoch:70, loss:0.01956803304832461
2023-02-05 13:37:57,752 -------------validation--------------
2023-02-05 13:38:40,111 epoch:70, validation error:0.021865283618488256
2023-02-05 13:38:40,111 Dice score:0.9519476061741982
2023-02-05 13:38:40,111 -------------------------------------
2023-02-05 14:39:06,621 epoch:71, loss:0.01948277746525753
2023-02-05 15:39:34,653 epoch:72, loss:0.01942736099908319
2023-02-05 16:40:04,452 epoch:73, loss:0.01946733827885092
2023-02-05 17:40:34,665 epoch:74, loss:0.019505636314611295
2023-02-05 18:41:04,503 epoch:75, loss:0.019372644784184014
2023-02-05 19:41:34,271 epoch:76, loss:0.019397874935764167
2023-02-05 20:42:02,540 epoch:77, loss:0.019325947970074427
2023-02-05 21:44:56,697 epoch:78, loss:0.019285088952992312
2023-02-05 22:46:05,824 epoch:79, loss:0.019374557861176995
2023-02-05 23:46:48,064 epoch:80, loss:0.019238200189587717
2023-02-05 23:46:48,064 -------------validation--------------
2023-02-05 23:47:30,578 epoch:80, validation error:0.022096664077166976
2023-02-05 23:47:30,578 Dice score:0.9522020298348376
2023-02-05 23:47:30,578 -------------------------------------
2023-02-06 00:47:56,401 epoch:81, loss:0.01931746102436938
2023-02-06 01:48:23,621 epoch:82, loss:0.019226137994170396
2023-02-06 02:48:50,096 epoch:83, loss:0.019268392623955806
2023-02-06 03:49:16,397 epoch:84, loss:0.019183453972220574
2023-02-06 04:49:41,521 epoch:85, loss:0.019177602714595853
2023-02-06 05:50:07,040 epoch:86, loss:0.01915383100286901
2023-02-06 06:50:32,117 epoch:87, loss:0.01917360246785153
2023-02-06 07:50:57,641 epoch:88, loss:0.019110526461832134
2023-02-06 08:51:23,945 epoch:89, loss:0.019093304269654963
2023-02-06 09:51:49,476 epoch:90, loss:0.019069059497710684
2023-02-06 09:51:49,476 -------------validation--------------
2023-02-06 09:52:31,790 epoch:90, validation error:0.021479697005283196
2023-02-06 09:52:31,790 Dice score:0.9529523937659856
2023-02-06 09:52:31,790 -------------------------------------
2023-02-06 10:52:54,310 epoch:91, loss:0.019037685174643475
2023-02-06 11:53:18,719 epoch:92, loss:0.019026412043488056
2023-02-06 12:53:43,922 epoch:93, loss:0.01906791035702494
2023-02-06 13:54:08,551 epoch:94, loss:0.018987039731173053
2023-02-06 14:54:32,690 epoch:95, loss:0.019017020174248896
2023-02-06 15:54:57,121 epoch:96, loss:0.01903696973328729
2023-02-06 16:55:20,789 epoch:97, loss:0.018928495786141482
2023-02-06 17:55:44,749 epoch:98, loss:0.018921744029168394
2023-02-06 18:56:08,865 epoch:99, loss:0.01893714389503906
2023-02-06 19:56:31,813 epoch:100, loss:0.018949951296204144
2023-02-06 19:56:31,813 -------------validation--------------
2023-02-06 19:57:13,924 epoch:100, validation error:0.021400636546975056
2023-02-06 19:57:13,924 Dice score:0.9532162451885156
2023-02-06 19:57:13,924 -------------------------------------
2023-02-06 20:57:34,587 epoch:101, loss:0.018915823018388175
2023-02-06 21:57:56,213 epoch:102, loss:0.018859374486200474
2023-02-06 22:58:19,061 epoch:103, loss:0.018851039225826333
2023-02-06 23:58:41,154 epoch:104, loss:0.018923657023843438
2023-02-07 00:59:03,078 epoch:105, loss:0.01884287576057159
2023-02-07 01:59:23,981 epoch:106, loss:0.018794074000877875
2023-02-07 02:59:45,492 epoch:107, loss:0.018851383221198514
2023-02-07 04:00:05,701 epoch:108, loss:0.018753355285846846
2023-02-07 05:00:26,747 epoch:109, loss:0.01877201965443493
2023-02-07 06:00:49,391 epoch:110, loss:0.018798568245649752
2023-02-07 06:00:49,391 -------------validation--------------
2023-02-07 06:01:31,264 epoch:110, validation error:0.021321140141529443
2023-02-07 06:01:31,264 Dice score:0.9534552820335479
2023-02-07 06:01:31,264 -------------------------------------
2023-02-07 07:01:51,509 epoch:111, loss:0.018753367030679972
2023-02-07 08:02:12,125 epoch:112, loss:0.018737792965521846
2023-02-07 09:02:32,878 epoch:113, loss:0.018713387059438424
2023-02-07 10:02:55,022 epoch:114, loss:0.018793744964773672
2023-02-07 11:03:17,501 epoch:115, loss:0.018701142744456566
2023-02-07 12:03:40,577 epoch:116, loss:0.01866765297946086
2023-02-07 13:04:04,526 epoch:117, loss:0.018696515080866047
2023-02-07 14:04:28,401 epoch:118, loss:0.0186622443115032
2023-02-07 15:04:52,935 epoch:119, loss:0.018656501756332156
2023-02-07 16:05:19,525 epoch:120, loss:0.018640677451900168
2023-02-07 16:05:19,525 -------------validation--------------
2023-02-07 16:06:02,361 epoch:120, validation error:0.02145891196849431
2023-02-07 16:06:02,361 Dice score:0.9534397315696852
2023-02-07 16:06:02,361 -------------------------------------
2023-02-07 17:06:26,568 epoch:121, loss:0.018685320517342
2023-02-07 18:06:51,875 epoch:122, loss:0.018615122063753663
2023-02-07 19:07:16,868 epoch:123, loss:0.018621095528816432
2023-02-07 20:07:41,216 epoch:124, loss:0.018611175951546308
2023-02-07 21:08:04,841 epoch:125, loss:0.018593437167488205
2023-02-07 22:08:28,352 epoch:126, loss:0.018616110030755376
2023-02-07 23:08:51,495 epoch:127, loss:0.018537652990304618
2023-02-08 00:09:15,813 epoch:128, loss:0.018566142929882533
2023-02-08 01:09:39,969 epoch:129, loss:0.018555551901317656
2023-02-08 02:10:03,817 epoch:130, loss:0.01855046637808223
2023-02-08 02:10:03,817 -------------validation--------------
2023-02-08 02:10:46,095 epoch:130, validation error:0.021354814528449048
2023-02-08 02:10:46,095 Dice score:0.9535188251698511
2023-02-08 02:10:46,096 -------------------------------------
2023-02-08 03:11:08,732 epoch:131, loss:0.018541426658533526
2023-02-08 04:11:32,159 epoch:132, loss:0.018466792643987016
2023-02-08 05:11:55,564 epoch:133, loss:0.01846807826620299
2023-02-08 06:12:19,261 epoch:134, loss:0.018529983282579914
2023-02-08 07:12:42,597 epoch:135, loss:0.01846489653498115
2023-02-08 08:13:06,065 epoch:136, loss:0.018473114551204796
2023-02-08 09:13:28,147 epoch:137, loss:0.01846019510241093
2023-02-08 10:13:49,531 epoch:138, loss:0.018403863008142136
2023-02-08 11:14:12,880 epoch:139, loss:0.01841204291842297
2023-02-08 12:14:36,464 epoch:140, loss:0.01840962311882442
2023-02-08 12:14:36,464 -------------validation--------------
2023-02-08 12:15:18,700 epoch:140, validation error:0.02128316736477014
2023-02-08 12:15:18,700 Dice score:0.9538017814681374
2023-02-08 12:15:18,700 -------------------------------------
2023-02-08 13:15:41,008 epoch:141, loss:0.018394730508204813
2023-02-08 14:16:05,865 epoch:142, loss:0.01837718789828893
2023-02-08 15:16:31,033 epoch:143, loss:0.018340658378727618
2023-02-08 16:16:58,282 epoch:144, loss:0.018325072592140484
2023-02-08 17:17:25,533 epoch:145, loss:0.018320948586022835
2023-02-08 18:17:50,708 epoch:146, loss:0.018302531098620886
2023-02-08 19:18:16,120 epoch:147, loss:0.018254409114018315
2023-02-08 20:18:40,825 epoch:148, loss:0.018228039732993785
2023-02-08 21:19:06,310 epoch:149, loss:0.01819599641687148
2023-02-08 22:19:31,068 epoch:150, loss:0.01826858465629186
2023-02-08 22:19:31,068 -------------validation--------------
2023-02-08 22:20:13,177 epoch:150, validation error:0.02104170937862622
2023-02-08 22:20:13,177 Dice score:0.9543250837975
2023-02-08 22:20:13,177 -------------------------------------
2023-02-08 23:20:35,333 epoch:151, loss:0.018130618981222913
2023-02-09 00:20:59,705 epoch:152, loss:0.018132596940086246
2023-02-09 01:21:23,750 epoch:153, loss:0.018155409644585445
2023-02-09 02:21:47,549 epoch:154, loss:0.01810912852477366
2023-02-09 03:22:11,963 epoch:155, loss:0.018060348798848522
2023-02-09 04:22:36,065 epoch:156, loss:0.018050176303743334
2023-02-09 05:23:00,757 epoch:157, loss:0.017987538294534183
2023-02-09 06:23:25,061 epoch:158, loss:0.017962224582174672
2023-02-09 07:23:48,680 epoch:159, loss:0.017987333033137036
2023-02-09 08:24:12,601 epoch:160, loss:0.01796266910308517
2023-02-09 08:24:12,601 -------------validation--------------
2023-02-09 08:24:54,631 epoch:160, validation error:0.02087133533194573
2023-02-09 08:24:54,631 Dice score:0.954769382462699
2023-02-09 08:24:54,631 -------------------------------------
2023-02-09 09:25:16,761 epoch:161, loss:0.017897222632545482
2023-02-09 10:25:42,065 epoch:162, loss:0.017884407647638427
2023-02-09 11:26:08,491 epoch:163, loss:0.017854910863618297
2023-02-09 12:26:36,317 epoch:164, loss:0.01780979757066461
2023-02-09 13:27:04,609 epoch:165, loss:0.017804960364337034
2023-02-09 14:29:19,716 epoch:166, loss:0.017794710206290774
2023-02-09 16:29:16,201 epoch:167, loss:0.017809838629561755
2023-02-09 17:35:34,872 epoch:168, loss:0.0178065939331863
2023-02-09 18:36:20,178 epoch:169, loss:0.017759242799597917
2023-02-09 19:37:05,391 epoch:170, loss:0.017716844879297387
2023-02-09 19:37:05,391 -------------validation--------------
2023-02-09 19:37:47,983 epoch:170, validation error:0.020880114639828192
2023-02-09 19:37:47,983 Dice score:0.9551363333442507
2023-02-09 19:37:47,983 -------------------------------------
2023-02-09 20:38:14,684 epoch:171, loss:0.017735551883736093
2023-02-09 21:38:43,921 epoch:172, loss:0.01768333664118753
2023-02-09 22:39:12,133 epoch:173, loss:0.01765928819833688
2023-02-09 23:39:39,788 epoch:174, loss:0.01765888540132336
2023-02-10 00:40:07,133 epoch:175, loss:0.017656360770635423
2023-02-10 01:40:34,001 epoch:176, loss:0.01761999113026819
2023-02-10 02:41:01,124 epoch:177, loss:0.01763588730633207
2023-02-10 03:41:27,069 epoch:178, loss:0.01762941424723592
2023-02-10 04:41:53,308 epoch:179, loss:0.01760204447323595
2023-02-10 05:42:19,617 epoch:180, loss:0.017566001154902026
2023-02-10 05:42:19,617 -------------validation--------------
2023-02-10 05:43:01,249 epoch:180, validation error:0.020700059720926735
2023-02-10 05:43:01,249 Dice score:0.9552205702256874
2023-02-10 05:43:01,249 -------------------------------------
2023-02-10 06:43:24,884 epoch:181, loss:0.017559913795706098
2023-02-10 07:43:50,546 epoch:182, loss:0.01758027983509792
2023-02-10 08:44:16,182 epoch:183, loss:0.017515031683002075
2023-02-10 09:44:42,013 epoch:184, loss:0.01750897308424167
2023-02-10 10:45:09,577 epoch:185, loss:0.017500482876486496
2023-02-10 11:45:37,340 epoch:186, loss:0.01756894258310957
2023-02-10 12:46:06,677 epoch:187, loss:0.017553989036231458
2023-02-10 13:46:36,192 epoch:188, loss:0.017431951363601657
2023-02-10 14:47:06,915 epoch:189, loss:0.017431760510265105
2023-02-10 15:47:42,846 epoch:190, loss:0.01742266907245308
2023-02-10 15:47:42,846 -------------validation--------------
2023-02-10 15:48:25,452 epoch:190, validation error:0.02094785907697043
2023-02-10 15:48:25,452 Dice score:0.9548047519999848
2023-02-10 15:48:25,452 -------------------------------------
2023-02-10 16:49:09,786 epoch:191, loss:0.017426960971658367
2023-02-10 17:49:56,270 epoch:192, loss:0.017404548667267972
2023-02-10 18:50:41,752 epoch:193, loss:0.017388123840552012
2023-02-10 19:51:27,300 epoch:194, loss:0.01742894054540599
2023-02-10 20:52:12,558 epoch:195, loss:0.01738950360220965
2023-02-10 21:52:57,929 epoch:196, loss:0.01733366236820223
2023-02-10 22:53:43,110 epoch:197, loss:0.0173562282794825
2023-02-10 23:54:28,940 epoch:198, loss:0.01735763547803232
2023-02-11 00:55:14,241 epoch:199, loss:0.017381708922939606
2023-02-11 01:55:49,909 epoch:200, loss:0.017309678179345884
2023-02-11 01:55:49,909 -------------validation--------------
2023-02-11 01:56:31,933 epoch:200, validation error:0.020538415076464592
2023-02-11 01:56:31,933 Dice score:0.9557303105585674
2023-02-11 01:56:31,933 -------------------------------------
